<?xml version="1.0" encoding="UTF-8"?>
<testsuite xmlns:xsi="http://www.w3.org/2001/XMLSchema-instance" xsi:noNamespaceSchemaLocation="https://maven.apache.org/surefire/maven-surefire-plugin/xsd/surefire-test-report-3.0.xsd" version="3.0" name="runners.TestRunner" time="0.531" tests="1" errors="1" skipped="0" failures="0">
  <properties>
[...]
</properties>
  <testcase name="initializationError" classname="runners.TestRunner" time="0.009">
    <error message="Failed to parse resource at: file:///Users/ramazanozer/git/Cucumber-BDD/src/test/resources/features/AddEmployee.feature&#10;(5:3): expected: #TagLine, #RuleLine, #Comment, #Empty, got &apos;Background:&apos;&#10;(6:5): expected: #TagLine, #RuleLine, #Comment, #Empty, got &apos;When login with valid credentials&apos;&#10;(7:5): expected: #TagLine, #RuleLine, #Comment, #Empty, got &apos;Then navigate to add employee page&apos;&#10;(10:3): expected: #TagLine, #RuleLine, #Comment, #Empty, got &apos;Scenario: Add employee without login details&apos;&#10;(11:5): expected: #TagLine, #RuleLine, #Comment, #Empty, got &apos;And enter first and last name&apos;&#10;(12:5): expected: #TagLine, #RuleLine, #Comment, #Empty, got &apos;Then click on save Button&apos;&#10;(13:5): expected: #TagLine, #RuleLine, #Comment, #Empty, got &apos;And verify the employee is added succesfully&apos;&#10;(16:3): expected: #TagLine, #RuleLine, #Comment, #Empty, got &apos;Scenario: Add employee with login credentials&apos;&#10;(17:5): expected: #TagLine, #RuleLine, #Comment, #Empty, got &apos;And enter first and last name&apos;&#10;(18:5): expected: #TagLine, #RuleLine, #Comment, #Empty, got &apos;When check login details checkbox&apos;&#10;(19:5): expected: #TagLine, #RuleLine, #Comment, #Empty, got &apos;Then enter login details&apos;" type="io.cucumber.core.gherkin.FeatureParserException"><![CDATA[io.cucumber.core.gherkin.FeatureParserException: 
Failed to parse resource at: file:///Users/ramazanozer/git/Cucumber-BDD/src/test/resources/features/AddEmployee.feature
(5:3): expected: #TagLine, #RuleLine, #Comment, #Empty, got 'Background:'
(6:5): expected: #TagLine, #RuleLine, #Comment, #Empty, got 'When login with valid credentials'
(7:5): expected: #TagLine, #RuleLine, #Comment, #Empty, got 'Then navigate to add employee page'
(10:3): expected: #TagLine, #RuleLine, #Comment, #Empty, got 'Scenario: Add employee without login details'
(11:5): expected: #TagLine, #RuleLine, #Comment, #Empty, got 'And enter first and last name'
(12:5): expected: #TagLine, #RuleLine, #Comment, #Empty, got 'Then click on save Button'
(13:5): expected: #TagLine, #RuleLine, #Comment, #Empty, got 'And verify the employee is added succesfully'
(16:3): expected: #TagLine, #RuleLine, #Comment, #Empty, got 'Scenario: Add employee with login credentials'
(17:5): expected: #TagLine, #RuleLine, #Comment, #Empty, got 'And enter first and last name'
(18:5): expected: #TagLine, #RuleLine, #Comment, #Empty, got 'When check login details checkbox'
(19:5): expected: #TagLine, #RuleLine, #Comment, #Empty, got 'Then enter login details'
]]></error>
  </testcase>
</testsuite>